<?xml version="1.0" encoding="UTF-8"?>
<testng-results total="1" passed="1" failed="0" skipped="0">
  <reporter-output>
  </reporter-output>
  <suite started-at="2021-03-31T11:25:40Z" name="Surefire suite" finished-at="2021-03-31T11:25:49Z" duration-ms="8880">
    <groups>
    </groups>
    <test started-at="2021-03-31T11:25:40Z" name="Surefire test" finished-at="2021-03-31T11:25:49Z" duration-ms="8880">
      <class name="com.rameshsoft.maven.TestOne">
        <test-method signature="demo()[pri:0, instance:com.rameshsoft.maven.TestOne@5a955565]" started-at="2021-03-31T16:55:40Z" name="demo" finished-at="2021-03-31T16:55:49Z" duration-ms="8837" status="PASS">
          <reporter-output>
          </reporter-output>
        </test-method> <!-- demo -->
      </class> <!-- com.rameshsoft.maven.TestOne -->
    </test> <!-- Surefire test -->
  </suite> <!-- Surefire suite -->
</testng-results>
